In file included from [01m[K/home/nikolai/Documents/ROS/catching_turtles_ros2/ws/src/cpp_pkg/src/turtle_spawner_node.cpp:1[m[K:
[01m[K/home/nikolai/Documents/ROS/catching_turtles_ros2/ws/src/cpp_pkg/include/cpp_pkg/turtle_spawner_node.hpp:3:10:[m[K [01;31m[Kfatal error: [m[Kinterfaces/msg/turtle.hpp: No such file or directory
    3 | #include [01;31m[K"interfaces/msg/turtle.hpp"[m[K
      |          [01;31m[K^~~~~~~~~~~~~~~~~~~~~~~~~~~[m[K
compilation terminated.
gmake[2]: *** [CMakeFiles/turtle_spawner_node.dir/build.make:76: CMakeFiles/turtle_spawner_node.dir/src/turtle_spawner_node.cpp.o] Error 1
gmake[1]: *** [CMakeFiles/Makefile2:165: CMakeFiles/turtle_spawner_node.dir/all] Error 2
gmake: *** [Makefile:146: all] Error 2
