[01m[K/home/nikolai/Documents/ROS/catching_turtles_ros2/ws/src/cpp_pkg/src/turtle_control_node.cpp:1:10:[m[K [01;31m[Kfatal error: [m[Kcpp_pkg/include/cpp_pkg/turtle_control_node.hpp: No such file or directory
    1 | #include [01;31m[K"cpp_pkg/include/cpp_pkg/turtle_control_node.hpp"[m[K
      |          [01;31m[K^~~~~~~~~~~~~~~~~~~~~~~~~~~~~~~~~~~~~~~~~~~~~~~~~[m[K
compilation terminated.
gmake[2]: *** [CMakeFiles/turtle_control_node.dir/build.make:76: CMakeFiles/turtle_control_node.dir/src/turtle_control_node.cpp.o] Error 1
gmake[1]: *** [CMakeFiles/Makefile2:137: CMakeFiles/turtle_control_node.dir/all] Error 2
gmake: *** [Makefile:146: all] Error 2
